  Скопировано файлов:         1.
  Скопировано файлов:         1.
  Скопировано файлов:         1.
  Скопировано файлов:         1.
  Скопировано файлов:         1.
  Скопировано файлов:         1.
  Game.cpp
  main.cpp
  Object.cpp
  GameLogger.cpp
  GameState.cpp
  Logger.cpp
  Создание кода...
  DronsEngine2D.vcxproj -> F:\Projects\Visual Studio Projects\DronsEngine2D\x64\Debug Dynamic\DronsEngine2D.exe

Итоги по проекту:
    12033 мс вызовов   1 F:\Projects\Visual Studio Projects\DronsEngine2D\DronsEngine2D.vcxproj
              12033 мс вызовов   1 Build                                   

Итоги по целям:
        0 мс вызовов   1 _BuildCompileAction                     
        0 мс вызовов   1 PreLinkEvent                            
        0 мс вызовов   1 PrepareResourceNames                    
        0 мс вызовов   1 CreateCustomManifestResourceNames       
        0 мс вызовов   1 ComputeManifestInputsTargets            
        0 мс вызовов   1 ComputeLinkInputsFromProject            
        0 мс вызовов   1 ComputeManifestGeneratedLinkerInputs    
        0 мс вызовов   1 ComputeRCGeneratedLinkInputs            
        0 мс вызовов   1 ComputeRCOutputs                        
        0 мс вызовов   1 BeforeLink                              
        0 мс вызовов   1 BuildCompile                            
        0 мс вызовов   1 AfterBuildCompileEvent                  
        0 мс вызовов   1 _ResourceCompile                        
        0 мс вызовов   1 AfterResourceCompile                    
        0 мс вызовов   1 BeforeResourceCompile                   
        0 мс вызовов   1 _ClCompile                              
        0 мс вызовов   1 AfterClCompile                          
        0 мс вызовов   1 FindReferenceAssembliesForReferences    
        0 мс вызовов   1 AfterLink                               
        0 мс вызовов   1 _Link                                   
        0 мс вызовов   1 _ALink                                  
        0 мс вызовов   1 _Manifest                               
        0 мс вызовов   1 AfterBuild                              
        0 мс вызовов   1 BuildLink                               
        0 мс вызовов   1 _BuildLinkAction                        
        0 мс вызовов   1 PostBuildEvent                          
        0 мс вызовов   1 PrepareForRun                           
        0 мс вызовов   1 _CopySourceItemsToOutputDirectory       
        0 мс вызовов   1 _PopulateCommonStateForGetCopyToOutputDirectoryItems
        0 мс вызовов   1 _Deploy                                 
        0 мс вызовов   1 ComputeCLInputPDBName                   
        0 мс вызовов   1 _Appverifier                            
        0 мс вызовов   1 _GenerateSatelliteAssemblyInputs        
        0 мс вызовов   1 MakeDirsForFxc                          
        0 мс вызовов   1 SatelliteDllsProjectOutputGroup         
        0 мс вызовов   1 _BscMake                                
        0 мс вызовов   1 ComputeCLCompileGeneratedSbrFiles       
        0 мс вызовов   1 _XdcMake                                
        0 мс вызовов   1 ComputeCLCompileGeneratedXDCFiles       
        0 мс вызовов   1 ResolvedXDCMake                         
        0 мс вызовов   1 CreateSatelliteAssemblies               
        0 мс вызовов   1 BeforeClCompile                         
        0 мс вызовов   1 Build                                   
        0 мс вызовов   1 BuildGenerateSources                    
        0 мс вызовов   1 ExpandSDKReferences                     
        0 мс вызовов   1 AfterResolveReferences                  
        0 мс вызовов   1 BuildCompileTraverse                    
        0 мс вызовов   1 GetResolvedWinMD                        
        0 мс вызовов   1 ResolveReferences                       
        0 мс вызовов   1 GetFrameworkPaths                       
        0 мс вызовов   1 PrepareProjectReferences                
        0 мс вызовов   1 _AddOutputPathToGlobalPropertiesToRemove
        0 мс вызовов   1 BeforeBuildGenerateSources              
        0 мс вызовов   1 _SelectedFiles                          
        0 мс вызовов   1 _Xsd                                    
        0 мс вызовов   1 MakeDirsForMidl                         
        0 мс вызовов   1 ComputeMIDLGeneratedCompileInputs       
        0 мс вызовов   1 ComputeCustomBuildOutput                
        0 мс вызовов   1 AfterMidl                               
        0 мс вызовов   1 _Midl                                   
        0 мс вызовов   1 _BuildGenerateSourcesAction             
        0 мс вызовов   1 AfterBuildGenerateSourcesEvent          
        0 мс вызовов   1 _PrepareForReferenceResolution          
        0 мс вызовов   1 AfterBuildGenerateSources               
        0 мс вызовов   1 BeforeResolveReferences                 
        1 мс вызовов   1 ResolveSDKReferences                    
        1 мс вызовов   1 MakeDirsForCl                           
        1 мс вызовов   1 ResolveProjectReferences                
        1 мс вызовов   1 BuildLinkTraverse                       
        1 мс вызовов   1 _GetCopyToOutputDirectoryItemsFromThisProject
        1 мс вызовов   1 BuiltProjectOutputGroup                 
        1 мс вызовов   1 CopyFileToFolders                       
        1 мс вызовов   1 MakeDirsForXdcMake                      
        1 мс вызовов   1 GetCopyToOutputDirectoryXamlAppDefs     
        1 мс вызовов   1 FinalizeBuildStatus                     
        1 мс вызовов   1 MakeDirsForResourceCompile              
        1 мс вызовов   1 _CheckWindowsSDKInstalled               
        1 мс вызовов   1 SelectClCompile                         
        1 мс вызовов   1 ComputeReferenceCLInput                 
        1 мс вызовов   1 ResolveAssemblyReferences               
        1 мс вызовов   1 CopyFilesToOutputDirectory              
        1 мс вызовов   1 _CheckForCompileOutputs                 
        1 мс вызовов   1 DoLinkOutputFilesMatch                  
        1 мс вызовов   1 GetReferencedVCProjectsInfo             
        1 мс вызовов   1 ComputeLegacyManifestEmbedding          
        1 мс вызовов   1 GetReferenceAssemblyPaths               
        1 мс вызовов   1 SelectCustomBuild                       
        1 мс вызовов   1 ComputeCLGeneratedLinkInputs            
        1 мс вызовов   1 ComputeLinkImportLibraryOutputsForClean 
        1 мс вызовов   1 MakeDirsForBscMake                      
        1 мс вызовов   1 ComputeLinkSwitches                     
        1 мс вызовов   1 BuildGenerateSourcesTraverse            
        1 мс вызовов   1 SetCABuildNativeEnvironmentVariables    
        1 мс вызовов   1 _GetCopyToOutputDirectoryItemsFromTransitiveProjectReferences
        1 мс вызовов   1 AddExternalIncludDirectoriesToPaths     
        1 мс вызовов   1 _SplitProjectReferencesByFileExistence  
        2 мс вызовов   1 SetBuildDefaultEnvironmentVariables     
        2 мс вызовов   1 IncrementalClean                        
        2 мс вызовов   1 MakeDirsForLink                         
        2 мс вызовов   1 ComputeCLOutputs                        
        2 мс вызовов   1 _PrepareForBuild                        
        3 мс вызовов   1 RegisterOutput                          
        3 мс вызовов   1 WarnCompileDuplicatedFilename           
        4 мс вызовов   1 SplitResourcesByCulture                 
        4 мс вызовов   1 ContentFilesProjectOutputGroup          
        4 мс вызовов   1 AssignTargetPaths                       
        5 мс вызовов   1 GetCopyToOutputDirectoryItems           
        7 мс вызовов   1 AssignProjectConfiguration              
       10 мс вызовов   1 InitializeBuildStatus                   
       10 мс вызовов   1 _CleanGetCurrentAndPriorFileWrites      
       10 мс вызовов   1 _WriteTelemetryProperties               
       15 мс вызовов   1 FixupCLCompileOptions                   
       16 мс вызовов   1 PrepareForBuild                         
       17 мс вызовов   1 CustomBuild                             
       39 мс вызовов   1 CreateRecipeFile                        
       77 мс вызовов   1 _GetProjectReferenceTargetFrameworkProperties
      318 мс вызовов   1 PreBuildEvent                           
      409 мс вызовов   1 _CheckForInvalidConfigurationAndPlatform
      436 мс вызовов   1 SetTelemetryEnvironmentVariables        
     2223 мс вызовов   1 Link                                    
     8368 мс вызовов   1 ClCompile                               

Итоги по задачам:
        0 мс вызовов   5 FindUnderPath                           
        0 мс вызовов   1 ConvertToAbsolutePath                   
        1 мс вызовов   1 WriteLinesToFile                        
        1 мс вызовов   2 Delete                                  
        1 мс вызовов   1 MSBuild                                 
        2 мс вызовов   2 RemoveDuplicates                        
        2 мс вызовов   2 Touch                                   
        3 мс вызовов   1 CheckVCToolsetVersion                   
        3 мс вызовов   1 AssignCulture                           
        3 мс вызовов  10 MakeDir                                 
        4 мс вызовов   2 CallTarget                              
        4 мс вызовов   7 AssignTargetPath                        
        4 мс вызовов   9 SetEnv                                  
        7 мс вызовов   1 AssignProjectConfiguration              
       12 мс вызовов   2 ReadLinesFromFile                       
       16 мс вызовов  41 Message                                 
       18 мс вызовов   3 GetOutOfDateItems                       
       39 мс вызовов   1 GenerateDesktopDeployRecipe             
      316 мс вызовов   1 Exec                                    
     2211 мс вызовов   1 Link                                    
     8365 мс вызовов   1 CL                                      
